<?xml version="1.0" encoding="UTF-8"?>
<!-- Generated by org.testng.reporters.JUnitReportReporter -->
<testsuite hostname="cll" name="cz.fi.muni.pa165.PrintedBookDAOTest" tests="1" failures="0" timestamp="10 Oct 2014 22:10:30 GMT" time="0.551" errors="0">
  <testcase name="test" time="0.551" classname="cz.fi.muni.pa165.PrintedBookDAOTest"/>
</testsuite> <!-- cz.fi.muni.pa165.PrintedBookDAOTest -->
