<?xml version="1.0" encoding="UTF-8"?>
<!-- Generated by org.testng.reporters.JUnitReportReporter -->
<testsuite hostname="cll" name="cz.fi.muni.pa165.BookDAOTest" tests="8" failures="0" timestamp="10 Oct 2014 22:10:30 GMT" time="8.151" errors="0">
  <testcase name="testFindBooksByISBN" time="0.538" classname="cz.fi.muni.pa165.BookDAOTest"/>
  <testcase name="testInsert" time="0.886" classname="cz.fi.muni.pa165.BookDAOTest"/>
  <testcase name="testDelete" time="1.335" classname="cz.fi.muni.pa165.BookDAOTest"/>
  <testcase name="testFind" time="1.061" classname="cz.fi.muni.pa165.BookDAOTest"/>
  <testcase name="testFindBooksByName" time="1.002" classname="cz.fi.muni.pa165.BookDAOTest"/>
  <testcase name="testUpdate" time="1.324" classname="cz.fi.muni.pa165.BookDAOTest"/>
  <testcase name="testFindBooksByDepertment" time="0.966" classname="cz.fi.muni.pa165.BookDAOTest"/>
  <testcase name="testFindBooksByAuthor" time="1.039" classname="cz.fi.muni.pa165.BookDAOTest"/>
</testsuite> <!-- cz.fi.muni.pa165.BookDAOTest -->
