<?xml version="1.0" encoding="UTF-8"?>
<!-- Generated by org.testng.reporters.JUnitReportReporter -->
<testsuite hostname="cll" name="cz.fi.muni.pa165.BookDAOTest" tests="1" failures="0" timestamp="10 Oct 2014 10:56:21 GMT" time="0.669" errors="0">
  <testcase name="test" time="0.669" classname="cz.fi.muni.pa165.BookDAOTest"/>
</testsuite> <!-- cz.fi.muni.pa165.BookDAOTest -->
